<?xml version="1.0" encoding="UTF-8"?>
<!-- Generated by org.testng.reporters.JUnitXMLReporter -->
<testsuite ignored="0" hostname="T14s" failures="0" tests="3" name="android 12,android 14" time="0.03" errors="0" timestamp="2024-03-02T09:52:55 ICT">
  <testcase classname="src.test.authen.Login" name="test" time="0.003"/>
  <testcase classname="src.test.authen.login2" name="test2" time="0.0"/>
  <testcase classname="src.test.authen.login2" name="testPara" time="0.001"/>
</testsuite> <!-- android 12,android 14 -->
